"Start of log file."
"C:/Users/BROWNE~1/DOCUME~1/GitHub/FOREST~1/UNITY3~1/Assets/Prefabs/02_3DS~1/02_3DS~1/scenes/CRATEL~1.MAX"
"Starting max loading and fbx conversion"
window = undefined
"Settings units"
"Before fbx export"
"After fbx export"
"Finished max loading and fbx conversion"
"C:/Users/BROWNE~1/DOCUME~1/GitHub/FOREST~1/UNITY3~1/Assets/Prefabs/BB8NEW~1/BB8RIG~1.MAX"
"Starting max loading and fbx conversion"
window = undefined
"Settings units"
"Before fbx export"
"After fbx export"
"Finished max loading and fbx conversion"
"C:/Users/BROWNE~1/DOCUME~1/GitHub/FOREST~1/UNITY3~1/Assets/Prefabs/02_3DS~1/02_3DS~1/scenes/DOORWA~2.MAX"
"Starting max loading and fbx conversion"
window = undefined
"Settings units"
"Before fbx export"
"After fbx export"
"Finished max loading and fbx conversion"
"C:/Users/BROWNE~1/DOCUME~1/GitHub/FOREST~1/UNITY3~1/Assets/Prefabs/02_3DS~1/02_3DS~1/autoback/AUTOBA~1.MAX"
"Starting max loading and fbx conversion"
window = undefined
"Settings units"
"Before fbx export"
"After fbx export"
"Finished max loading and fbx conversion"
"C:/Users/BROWNE~1/DOCUME~1/GitHub/FOREST~1/UNITY3~1/Assets/Prefabs/02_3DS~1/02_3DS~1/scenes/Pipe01.max"
"Starting max loading and fbx conversion"
window = undefined
"Settings units"
"Before fbx export"
"After fbx export"
"Finished max loading and fbx conversion"
"C:/Users/BROWNE~1/DOCUME~1/GitHub/FOREST~1/UNITY3~1/Assets/Prefabs/02_3DS~1/02_3DS~1/scenes/PipeLong.max"
"Starting max loading and fbx conversion"
window = undefined
"Settings units"
"Before fbx export"
"After fbx export"
"Finished max loading and fbx conversion"
"C:/Users/BROWNE~1/DOCUME~1/GitHub/FOREST~1/UNITY3~1/Assets/Prefabs/02_3DS~1/02_3DS~1/scenes/Crate.max"
"Starting max loading and fbx conversion"
window = undefined
"Settings units"
"Before fbx export"
"After fbx export"
"Finished max loading and fbx conversion"
"C:/Users/BROWNE~1/DOCUME~1/GitHub/FOREST~1/UNITY3~1/Assets/Prefabs/BB8NEW~1/BB8RIG~2.MAX"
"Starting max loading and fbx conversion"
window = undefined
"Settings units"
"Before fbx export"
"After fbx export"
"Finished max loading and fbx conversion"
"C:/Users/BROWNE~1/DOCUME~1/GitHub/FOREST~1/UNITY3~1/Assets/Prefabs/02_3DS~1/02_3DS~1/scenes/PIPECR~1.MAX"
"Starting max loading and fbx conversion"
window = undefined
"Settings units"
"Before fbx export"
"After fbx export"
"Finished max loading and fbx conversion"
"C:/Users/BROWNE~1/DOCUME~1/GitHub/FOREST~1/UNITY3~1/Assets/Prefabs/02_3DS~1/02_3DS~1/scenes/PipeT.max"
"Starting max loading and fbx conversion"
window = undefined
"Settings units"
"Before fbx export"
"After fbx export"
"Finished max loading and fbx conversion"
"C:/Users/BROWNE~1/DOCUME~1/GitHub/FOREST~1/UNITY3~1/Assets/Prefabs/02_3DS~1/02_3DS~1/scenes/DOORWA~3.MAX"
"Starting max loading and fbx conversion"
window = undefined
"Settings units"
"Before fbx export"
"After fbx export"
"Finished max loading and fbx conversion"
"C:/Users/BROWNE~1/DOCUME~1/GitHub/FOREST~1/UNITY3~1/Assets/Prefabs/02_3DS~1/02_3DS~1/scenes/Cart.max"
"Starting max loading and fbx conversion"
window = undefined
"Settings units"
"Before fbx export"
"After fbx export"
"Finished max loading and fbx conversion"
"C:/Users/BROWNE~1/DOCUME~1/GitHub/FOREST~1/UNITY3~1/Assets/Prefabs/02_3DS~1/02_3DS~1/scenes/Barrel.max"
"Starting max loading and fbx conversion"
window = undefined
"Settings units"
"Before fbx export"
"After fbx export"
"Finished max loading and fbx conversion"
"C:/Users/BROWNE~1/DOCUME~1/GitHub/FOREST~1/UNITY3~1/Assets/Prefabs/02_3DS~1/02_3DS~1/scenes/DOORWA~1.MAX"
"Starting max loading and fbx conversion"
window = undefined
"Settings units"
"Before fbx export"
"After fbx export"
"Finished max loading and fbx conversion"
"C:/Users/BROWNE~1/DOCUME~1/GitHub/FOREST~1/UNITY3~1/Assets/Prefabs/02_3DS~1/02_3DS~1/scenes/ArchA.max"
"Starting max loading and fbx conversion"
window = undefined
"Settings units"
"Before fbx export"
"After fbx export"
"Finished max loading and fbx conversion"
"C:/Users/BROWNE~1/DOCUME~1/GitHub/FOREST~1/UNITY3~1/Assets/Prefabs/02_3DS~1/02_3DS~1/scenes/CRATEO~1.MAX"
"Starting max loading and fbx conversion"
window = undefined
"Settings units"
"Before fbx export"
"After fbx export"
"Finished max loading and fbx conversion"
"C:/Users/BROWNE~1/DOCUME~1/GitHub/FOREST~1/UNITY3~1/Assets/Prefabs/02_3DS~1/02_3DS~1/scenes/Broom.max"
"Starting max loading and fbx conversion"
window = undefined
"Settings units"
"Before fbx export"
"After fbx export"
"Finished max loading and fbx conversion"
"C:/Users/BROWNE~1/DOCUME~1/GitHub/FOREST~1/UNITY3~1/Assets/Prefabs/02_3DS~1/02_3DS~1/scenes/Engine01.max"
"Starting max loading and fbx conversion"
window = undefined
"Settings units"
"Before fbx export"
"After fbx export"
"Finished max loading and fbx conversion"
"C:/Users/BROWNE~1/DOCUME~1/GitHub/FOREST~1/UNITY3~1/Assets/Prefabs/02_3DS~1/02_3DS~1/scenes/PIPEEL~1.MAX"
"Starting max loading and fbx conversion"
window = undefined
"Settings units"
"Before fbx export"
"After fbx export"
"Finished max loading and fbx conversion"
